Info: Start Nativelink Simulation process
Info: NativeLink has detected Verilog design -- Verilog simulation models will be used

========= EDA Simulation Settings =====================

Sim Mode              :  RTL
Family                :  cyclonev
Quartus root          :  /usr/local/quartus/quartus/linux64/
Quartus sim root      :  /usr/local/quartus/quartus/eda/sim_lib
Simulation Tool       :  questa intel fpga
Simulation Language   :  verilog
Simulation Mode       :  GUI
Sim Output File       :  
Sim SDF file          :  
Sim dir               :  simulation/questa

=======================================================

Info: Starting NativeLink simulation with Questa Intel FPGA software
<<<<<<< HEAD
Sourced NativeLink script c:/intelfpga_lite/23.1std/quartus/common/tcl/internal/nativelink/modelsim.tcl
Warning: File tbird_run_msim_rtl_verilog.do already exists - backing up current file as tbird_run_msim_rtl_verilog.do.bak9
=======
Sourced NativeLink script /usr/local/quartus/quartus/common/tcl/internal/nativelink/modelsim.tcl
Warning: File tbird_run_msim_rtl_verilog.do already exists - backing up current file as tbird_run_msim_rtl_verilog.do.bak11
>>>>>>> 5a3c3d42ef18790b6c26818b4d6580c253d80592
Info: Spawning Questa Intel FPGA Simulation software 
Info: NativeLink simulation flow was successful
