Analysis & Synthesis report for tbird
Mon Sep  9 13:20:19 2024
Quartus Prime Version 23.1std.1 Build 993 05/14/2024 SC Lite Edition


---------------------
; Table of Contents ;
---------------------
  1. Legal Notice
  2. Analysis & Synthesis Summary
  3. Analysis & Synthesis Settings
  4. Parallel Compilation
  5. Analysis & Synthesis Source Files Read
  6. Analysis & Synthesis Resource Usage Summary
  7. Analysis & Synthesis Resource Utilization by Entity
  8. State Machine - |tbird|current_state
  9. Registers Removed During Synthesis
 10. Removed Registers Triggering Further Register Optimizations
 11. General Register Statistics
 12. Parameter Settings for User Entity Instance: Top-level Entity: |tbird
 13. Post-Synthesis Netlist Statistics for Top Partition
 14. Elapsed Time Per Partition
 15. Analysis & Synthesis Messages



----------------
; Legal Notice ;
----------------
Copyright (C) 2024  Intel Corporation. All rights reserved.
Your use of Intel Corporation's design tools, logic functions 
and other software and tools, and any partner logic 
functions, and any output files from any of the foregoing 
(including device programming or simulation files), and any 
associated documentation or information are expressly subject 
to the terms and conditions of the Intel Program License 
Subscription Agreement, the Intel Quartus Prime License Agreement,
the Intel FPGA IP License Agreement, or other applicable license
agreement, including, without limitation, that your use is for
the sole purpose of programming logic devices manufactured by
Intel and sold by Intel or its authorized distributors.  Please
refer to the applicable agreement for further details, at
https://fpgasoftware.intel.com/eula.



+----------------------------------------------------------------------------------+
; Analysis & Synthesis Summary                                                     ;
+---------------------------------+------------------------------------------------+
; Analysis & Synthesis Status     ; Successful - Mon Sep  9 13:20:19 2024          ;
; Quartus Prime Version           ; 23.1std.1 Build 993 05/14/2024 SC Lite Edition ;
; Revision Name                   ; tbird                                          ;
; Top-level Entity Name           ; tbird                                          ;
; Family                          ; Cyclone V                                      ;
; Logic utilization (in ALMs)     ; N/A                                            ;
; Total registers                 ; 0                                              ;
; Total pins                      ; 11                                             ;
; Total virtual pins              ; 0                                              ;
; Total block memory bits         ; 0                                              ;
; Total DSP Blocks                ; 0                                              ;
; Total HSSI RX PCSs              ; 0                                              ;
; Total HSSI PMA RX Deserializers ; 0                                              ;
; Total HSSI TX PCSs              ; 0                                              ;
; Total HSSI PMA TX Serializers   ; 0                                              ;
; Total PLLs                      ; 0                                              ;
; Total DLLs                      ; 0                                              ;
+---------------------------------+------------------------------------------------+


+---------------------------------------------------------------------------------------------------------------------------+
; Analysis & Synthesis Settings                                                                                             ;
+---------------------------------------------------------------------------------+--------------------+--------------------+
; Option                                                                          ; Setting            ; Default Value      ;
+---------------------------------------------------------------------------------+--------------------+--------------------+
; Device                                                                          ; 5CGXFC7C7F23C8     ;                    ;
; Top-level entity name                                                           ; tbird              ; tbird              ;
; Family name                                                                     ; Cyclone V          ; Cyclone V          ;
; Use smart compilation                                                           ; Off                ; Off                ;
; Enable parallel Assembler and Timing Analyzer during compilation                ; On                 ; On                 ;
; Enable compact report table                                                     ; Off                ; Off                ;
; Restructure Multiplexers                                                        ; Auto               ; Auto               ;
; MLAB Add Timing Constraints For Mixed-Port Feed-Through Mode Setting Don't Care ; Off                ; Off                ;
; Create Debugging Nodes for IP Cores                                             ; Off                ; Off                ;
; Preserve fewer node names                                                       ; On                 ; On                 ;
; Intel FPGA IP Evaluation Mode                                                   ; Enable             ; Enable             ;
; Verilog Version                                                                 ; Verilog_2001       ; Verilog_2001       ;
; VHDL Version                                                                    ; VHDL_1993          ; VHDL_1993          ;
; State Machine Processing                                                        ; Auto               ; Auto               ;
; Safe State Machine                                                              ; Off                ; Off                ;
; Extract Verilog State Machines                                                  ; On                 ; On                 ;
; Extract VHDL State Machines                                                     ; On                 ; On                 ;
; Ignore Verilog initial constructs                                               ; Off                ; Off                ;
; Iteration limit for constant Verilog loops                                      ; 5000               ; 5000               ;
; Iteration limit for non-constant Verilog loops                                  ; 250                ; 250                ;
; Add Pass-Through Logic to Inferred RAMs                                         ; On                 ; On                 ;
; Infer RAMs from Raw Logic                                                       ; On                 ; On                 ;
; Parallel Synthesis                                                              ; On                 ; On                 ;
; DSP Block Balancing                                                             ; Auto               ; Auto               ;
; NOT Gate Push-Back                                                              ; On                 ; On                 ;
; Power-Up Don't Care                                                             ; On                 ; On                 ;
; Remove Redundant Logic Cells                                                    ; Off                ; Off                ;
; Remove Duplicate Registers                                                      ; On                 ; On                 ;
; Ignore CARRY Buffers                                                            ; Off                ; Off                ;
; Ignore CASCADE Buffers                                                          ; Off                ; Off                ;
; Ignore GLOBAL Buffers                                                           ; Off                ; Off                ;
; Ignore ROW GLOBAL Buffers                                                       ; Off                ; Off                ;
; Ignore LCELL Buffers                                                            ; Off                ; Off                ;
; Ignore SOFT Buffers                                                             ; On                 ; On                 ;
; Limit AHDL Integers to 32 Bits                                                  ; Off                ; Off                ;
; Optimization Technique                                                          ; Balanced           ; Balanced           ;
; Carry Chain Length                                                              ; 70                 ; 70                 ;
; Auto Carry Chains                                                               ; On                 ; On                 ;
; Auto Open-Drain Pins                                                            ; On                 ; On                 ;
; Perform WYSIWYG Primitive Resynthesis                                           ; Off                ; Off                ;
; Auto ROM Replacement                                                            ; On                 ; On                 ;
; Auto RAM Replacement                                                            ; On                 ; On                 ;
; Auto DSP Block Replacement                                                      ; On                 ; On                 ;
; Auto Shift Register Replacement                                                 ; Auto               ; Auto               ;
; Allow Shift Register Merging across Hierarchies                                 ; Auto               ; Auto               ;
; Auto Clock Enable Replacement                                                   ; On                 ; On                 ;
; Strict RAM Replacement                                                          ; Off                ; Off                ;
; Allow Synchronous Control Signals                                               ; On                 ; On                 ;
; Force Use of Synchronous Clear Signals                                          ; Off                ; Off                ;
; Auto Resource Sharing                                                           ; Off                ; Off                ;
; Allow Any RAM Size For Recognition                                              ; Off                ; Off                ;
; Allow Any ROM Size For Recognition                                              ; Off                ; Off                ;
; Allow Any Shift Register Size For Recognition                                   ; Off                ; Off                ;
; Use LogicLock Constraints during Resource Balancing                             ; On                 ; On                 ;
; Ignore translate_off and synthesis_off directives                               ; Off                ; Off                ;
; Timing-Driven Synthesis                                                         ; On                 ; On                 ;
; Report Parameter Settings                                                       ; On                 ; On                 ;
; Report Source Assignments                                                       ; On                 ; On                 ;
; Report Connectivity Checks                                                      ; On                 ; On                 ;
; Ignore Maximum Fan-Out Assignments                                              ; Off                ; Off                ;
; Synchronization Register Chain Length                                           ; 3                  ; 3                  ;
; Power Optimization During Synthesis                                             ; Normal compilation ; Normal compilation ;
; HDL message level                                                               ; Level2             ; Level2             ;
; Suppress Register Optimization Related Messages                                 ; Off                ; Off                ;
; Number of Removed Registers Reported in Synthesis Report                        ; 5000               ; 5000               ;
; Number of Swept Nodes Reported in Synthesis Report                              ; 5000               ; 5000               ;
; Number of Inverted Registers Reported in Synthesis Report                       ; 100                ; 100                ;
; Clock MUX Protection                                                            ; On                 ; On                 ;
; Auto Gated Clock Conversion                                                     ; Off                ; Off                ;
; Block Design Naming                                                             ; Auto               ; Auto               ;
; SDC constraint protection                                                       ; Off                ; Off                ;
; Synthesis Effort                                                                ; Auto               ; Auto               ;
; Shift Register Replacement - Allow Asynchronous Clear Signal                    ; On                 ; On                 ;
; Pre-Mapping Resynthesis Optimization                                            ; Off                ; Off                ;
; Analysis & Synthesis Message Level                                              ; Medium             ; Medium             ;
; Disable Register Merging Across Hierarchies                                     ; Auto               ; Auto               ;
; Resource Aware Inference For Block RAM                                          ; On                 ; On                 ;
; Automatic Parallel Synthesis                                                    ; On                 ; On                 ;
; Partial Reconfiguration Bitstream ID                                            ; Off                ; Off                ;
+---------------------------------------------------------------------------------+--------------------+--------------------+


+------------------------------------------+
; Parallel Compilation                     ;
+----------------------------+-------------+
; Processors                 ; Number      ;
+----------------------------+-------------+
; Number detected on machine ; 8           ;
; Maximum allowed            ; 8           ;
;                            ;             ;
; Average used               ; 1.00        ;
; Maximum used               ; 1           ;
;                            ;             ;
; Usage by Processor         ; % Time Used ;
;     Processor 1            ; 100.0%      ;
+----------------------------+-------------+


+---------------------------------------------------------------------------------------------------------------------------------------------------------+
; Analysis & Synthesis Source Files Read                                                                                                                  ;
+----------------------------------+-----------------+------------------------+-----------------------------------------------------------------+---------+
; File Name with User-Entered Path ; Used in Netlist ; File Type              ; File Name with Absolute Path                                    ; Library ;
+----------------------------------+-----------------+------------------------+-----------------------------------------------------------------+---------+
; tbird_fsm.v                      ; yes             ; User Verilog HDL File  ; C:/Users/tim/Documents/sharedFolderAcrossAllDevices/tbird_fsm.v ;         ;
+----------------------------------+-----------------+------------------------+-----------------------------------------------------------------+---------+


+-----------------------------------------------------------------+
; Analysis & Synthesis Resource Usage Summary                     ;
+---------------------------------------------+-------------------+
; Resource                                    ; Usage             ;
+---------------------------------------------+-------------------+
; Estimate of Logic utilization (ALMs needed) ; 0                 ;
;                                             ;                   ;
; Combinational ALUT usage for logic          ; 0                 ;
;     -- 7 input functions                    ; 0                 ;
;     -- 6 input functions                    ; 0                 ;
;     -- 5 input functions                    ; 0                 ;
;     -- 4 input functions                    ; 0                 ;
;     -- <=3 input functions                  ; 0                 ;
;                                             ;                   ;
; Dedicated logic registers                   ; 0                 ;
;                                             ;                   ;
; I/O pins                                    ; 11                ;
;                                             ;                   ;
; Total DSP Blocks                            ; 0                 ;
;                                             ;                   ;
; Maximum fan-out node                        ; right_led1~output ;
; Maximum fan-out                             ; 1                 ;
; Total fan-out                               ; 11                ;
; Average fan-out                             ; 0.50              ;
+---------------------------------------------+-------------------+


+----------------------------------------------------------------------------------------------------------------------------------------------------------------------------------------+
; Analysis & Synthesis Resource Utilization by Entity                                                                                                                                    ;
+----------------------------+---------------------+---------------------------+-------------------+------------+------+--------------+---------------------+-------------+--------------+
; Compilation Hierarchy Node ; Combinational ALUTs ; Dedicated Logic Registers ; Block Memory Bits ; DSP Blocks ; Pins ; Virtual Pins ; Full Hierarchy Name ; Entity Name ; Library Name ;
+----------------------------+---------------------+---------------------------+-------------------+------------+------+--------------+---------------------+-------------+--------------+
; |tbird                     ; 0 (0)               ; 0 (0)                     ; 0                 ; 0          ; 11   ; 0            ; |tbird              ; tbird       ; work         ;
+----------------------------+---------------------+---------------------------+-------------------+------------+------+--------------+---------------------+-------------+--------------+
Note: For table entries with two numbers listed, the numbers in parentheses indicate the number of resources of the given type used by the specific entity alone. The numbers listed outside of parentheses indicate the total resources of the given type used by the specific entity and all of its sub-entities in the hierarchy.


Encoding Type:  One-Hot
+---------------------------------------------------------------------------------------------------------------------------+
; State Machine - |tbird|current_state                                                                                      ;
+-------------------------+----------------------+------------------------+-------------------------+-----------------------+
; Name                    ; current_state.hazard ; current_state.leftTurn ; current_state.rightTurn ; current_state.resting ;
+-------------------------+----------------------+------------------------+-------------------------+-----------------------+
; current_state.resting   ; 0                    ; 0                      ; 0                       ; 0                     ;
; current_state.rightTurn ; 0                    ; 0                      ; 1                       ; 1                     ;
; current_state.leftTurn  ; 0                    ; 1                      ; 0                       ; 1                     ;
; current_state.hazard    ; 1                    ; 0                      ; 0                       ; 1                     ;
+-------------------------+----------------------+------------------------+-------------------------+-----------------------+


+--------------------------------------------------------------------------------+
; Registers Removed During Synthesis                                             ;
+---------------------------------------+----------------------------------------+
; Register name                         ; Reason for Removal                     ;
+---------------------------------------+----------------------------------------+
; slow_enable                           ; Stuck at GND due to stuck port data_in ;
; all_leds_on~reg0                      ; Stuck at GND due to stuck port data_in ;
; current_state~2                       ; Lost fanout                            ;
; current_state~3                       ; Lost fanout                            ;
; current_state.resting                 ; Lost fanout                            ;
; current_state.rightTurn               ; Lost fanout                            ;
; current_state.leftTurn                ; Lost fanout                            ;
; current_state.hazard                  ; Lost fanout                            ;
; Total Number of Removed Registers = 8 ;                                        ;
+---------------------------------------+----------------------------------------+


+----------------------------------------------------------------------------------------------+
; Removed Registers Triggering Further Register Optimizations                                  ;
+-----------------+---------------------------+------------------------------------------------+
; Register name   ; Reason for Removal        ; Registers Removed due to This Register         ;
+-----------------+---------------------------+------------------------------------------------+
; current_state~2 ; Lost Fanouts              ; current_state.resting, current_state.rightTurn ;
; slow_enable     ; Stuck at GND              ; all_leds_on~reg0                               ;
;                 ; due to stuck port data_in ;                                                ;
; current_state~3 ; Lost Fanouts              ; current_state.leftTurn                         ;
+-----------------+---------------------------+------------------------------------------------+


+------------------------------------------------------+
; General Register Statistics                          ;
+----------------------------------------------+-------+
; Statistic                                    ; Value ;
+----------------------------------------------+-------+
; Total registers                              ; 0     ;
; Number of registers using Synchronous Clear  ; 0     ;
; Number of registers using Synchronous Load   ; 0     ;
; Number of registers using Asynchronous Clear ; 0     ;
; Number of registers using Asynchronous Load  ; 0     ;
; Number of registers using Clock Enable       ; 0     ;
; Number of registers using Preset             ; 0     ;
+----------------------------------------------+-------+


+-----------------------------------------------------------------------+
; Parameter Settings for User Entity Instance: Top-level Entity: |tbird ;
+----------------+-----------+------------------------------------------+
; Parameter Name ; Value     ; Type                                     ;
+----------------+-----------+------------------------------------------+
; resting        ; 00        ; Unsigned Binary                          ;
; rightTurn      ; 01        ; Unsigned Binary                          ;
; leftTurn       ; 10        ; Unsigned Binary                          ;
; hazard         ; 11        ; Unsigned Binary                          ;
; t1             ; 25000000  ; Signed Integer                           ;
; t2             ; 50000000  ; Signed Integer                           ;
; t3             ; 75000000  ; Signed Integer                           ;
; t4             ; 100000000 ; Signed Integer                           ;
; max_count      ; 25000000  ; Signed Integer                           ;
+----------------+-----------+------------------------------------------+
Note: In order to hide this table in the UI and the text report file, please set the "Show Parameter Settings in Synthesis Report" option in "Analysis and Synthesis Settings -> More Settings" to "Off".


+-----------------------------------------------------+
; Post-Synthesis Netlist Statistics for Top Partition ;
+-----------------------+-----------------------------+
; Type                  ; Count                       ;
+-----------------------+-----------------------------+
; arriav_lcell_comb     ; 1                           ;
;     normal            ; 1                           ;
;         0 data inputs ; 1                           ;
; boundary_port         ; 11                          ;
;                       ;                             ;
; Max LUT depth         ; 0.00                        ;
; Average LUT depth     ; 0.00                        ;
+-----------------------+-----------------------------+


+-------------------------------+
; Elapsed Time Per Partition    ;
+----------------+--------------+
; Partition Name ; Elapsed Time ;
+----------------+--------------+
; Top            ; 00:00:00     ;
+----------------+--------------+


+-------------------------------+
; Analysis & Synthesis Messages ;
+-------------------------------+
Info: *******************************************************************
Info: Running Quartus Prime Analysis & Synthesis
    Info: Version 23.1std.1 Build 993 05/14/2024 SC Lite Edition
    Info: Processing started: Mon Sep  9 13:19:59 2024
Info: Command: quartus_map --read_settings_files=on --write_settings_files=off tbird -c tbird
Warning (18236): Number of processors has not been specified which may cause overloading on shared machines.  Set the global assignment NUM_PARALLEL_PROCESSORS in your QSF to an appropriate value for best performance.
Info (20030): Parallel compilation is enabled and will use 8 of the 8 processors detected
Info (12021): Found 1 design units, including 1 entities, in source file tbird_fsm.v
    Info (12023): Found entity 1: tbird File: C:/Users/tim/Documents/sharedFolderAcrossAllDevices/tbird_fsm.v Line: 15
Info (12021): Found 1 design units, including 1 entities, in source file tb_tbird.v
    Info (12023): Found entity 1: tbird_tb File: C:/Users/tim/Documents/sharedFolderAcrossAllDevices/tb_tbird.v Line: 3
Info (12127): Elaborating entity "tbird" for the top level hierarchy
Warning (10199): Verilog HDL Case Statement warning at tbird_fsm.v(129): case item expression never matches the case expression File: C:/Users/tim/Documents/sharedFolderAcrossAllDevices/tbird_fsm.v Line: 129
Warning (10199): Verilog HDL Case Statement warning at tbird_fsm.v(130): case item expression never matches the case expression File: C:/Users/tim/Documents/sharedFolderAcrossAllDevices/tbird_fsm.v Line: 130
Warning (10199): Verilog HDL Case Statement warning at tbird_fsm.v(131): case item expression never matches the case expression File: C:/Users/tim/Documents/sharedFolderAcrossAllDevices/tbird_fsm.v Line: 131
Warning (10199): Verilog HDL Case Statement warning at tbird_fsm.v(132): case item expression never matches the case expression File: C:/Users/tim/Documents/sharedFolderAcrossAllDevices/tbird_fsm.v Line: 132
Warning (10230): Verilog HDL assignment warning at tbird_fsm.v(139): truncated value with size 32 to match size of target (24) File: C:/Users/tim/Documents/sharedFolderAcrossAllDevices/tbird_fsm.v Line: 139
Warning (10199): Verilog HDL Case Statement warning at tbird_fsm.v(149): case item expression never matches the case expression File: C:/Users/tim/Documents/sharedFolderAcrossAllDevices/tbird_fsm.v Line: 149
Warning (10199): Verilog HDL Case Statement warning at tbird_fsm.v(150): case item expression never matches the case expression File: C:/Users/tim/Documents/sharedFolderAcrossAllDevices/tbird_fsm.v Line: 150
Warning (10199): Verilog HDL Case Statement warning at tbird_fsm.v(151): case item expression never matches the case expression File: C:/Users/tim/Documents/sharedFolderAcrossAllDevices/tbird_fsm.v Line: 151
Warning (10199): Verilog HDL Case Statement warning at tbird_fsm.v(152): case item expression never matches the case expression File: C:/Users/tim/Documents/sharedFolderAcrossAllDevices/tbird_fsm.v Line: 152
Warning (10230): Verilog HDL assignment warning at tbird_fsm.v(159): truncated value with size 32 to match size of target (24) File: C:/Users/tim/Documents/sharedFolderAcrossAllDevices/tbird_fsm.v Line: 159
Warning (10230): Verilog HDL assignment warning at tbird_fsm.v(173): truncated value with size 32 to match size of target (24) File: C:/Users/tim/Documents/sharedFolderAcrossAllDevices/tbird_fsm.v Line: 173
Warning (10034): Output port "right_led1" at tbird_fsm.v(20) has no driver File: C:/Users/tim/Documents/sharedFolderAcrossAllDevices/tbird_fsm.v Line: 20
Warning (10034): Output port "right_led2" at tbird_fsm.v(21) has no driver File: C:/Users/tim/Documents/sharedFolderAcrossAllDevices/tbird_fsm.v Line: 21
Warning (10034): Output port "right_led3" at tbird_fsm.v(22) has no driver File: C:/Users/tim/Documents/sharedFolderAcrossAllDevices/tbird_fsm.v Line: 22
Warning (10034): Output port "left_led1" at tbird_fsm.v(23) has no driver File: C:/Users/tim/Documents/sharedFolderAcrossAllDevices/tbird_fsm.v Line: 23
Warning (10034): Output port "left_led2" at tbird_fsm.v(24) has no driver File: C:/Users/tim/Documents/sharedFolderAcrossAllDevices/tbird_fsm.v Line: 24
Warning (10034): Output port "left_led3" at tbird_fsm.v(25) has no driver File: C:/Users/tim/Documents/sharedFolderAcrossAllDevices/tbird_fsm.v Line: 25
Warning (13024): Output pins are stuck at VCC or GND
    Warning (13410): Pin "right_led1" is stuck at GND File: C:/Users/tim/Documents/sharedFolderAcrossAllDevices/tbird_fsm.v Line: 20
    Warning (13410): Pin "right_led2" is stuck at GND File: C:/Users/tim/Documents/sharedFolderAcrossAllDevices/tbird_fsm.v Line: 21
    Warning (13410): Pin "right_led3" is stuck at GND File: C:/Users/tim/Documents/sharedFolderAcrossAllDevices/tbird_fsm.v Line: 22
    Warning (13410): Pin "left_led1" is stuck at GND File: C:/Users/tim/Documents/sharedFolderAcrossAllDevices/tbird_fsm.v Line: 23
    Warning (13410): Pin "left_led2" is stuck at GND File: C:/Users/tim/Documents/sharedFolderAcrossAllDevices/tbird_fsm.v Line: 24
    Warning (13410): Pin "left_led3" is stuck at GND File: C:/Users/tim/Documents/sharedFolderAcrossAllDevices/tbird_fsm.v Line: 25
    Warning (13410): Pin "all_leds_on" is stuck at GND File: C:/Users/tim/Documents/sharedFolderAcrossAllDevices/tbird_fsm.v Line: 27
Info (17049): 6 registers lost all their fanouts during netlist optimizations.
Info (16010): Generating hard_block partition "hard_block:auto_generated_inst"
    Info (16011): Adding 0 node(s), including 0 DDIO, 0 PLL, 0 transceiver and 0 LCELL
Warning (21074): Design contains 4 input pin(s) that do not drive logic
    Warning (15610): No output dependent on input pin "hazard_button" File: C:/Users/tim/Documents/sharedFolderAcrossAllDevices/tbird_fsm.v Line: 19
    Warning (15610): No output dependent on input pin "left_button" File: C:/Users/tim/Documents/sharedFolderAcrossAllDevices/tbird_fsm.v Line: 18
    Warning (15610): No output dependent on input pin "right_button" File: C:/Users/tim/Documents/sharedFolderAcrossAllDevices/tbird_fsm.v Line: 17
    Warning (15610): No output dependent on input pin "clock" File: C:/Users/tim/Documents/sharedFolderAcrossAllDevices/tbird_fsm.v Line: 16
Info (21057): Implemented 11 device resources after synthesis - the final resource count might be different
    Info (21058): Implemented 4 input pins
    Info (21059): Implemented 7 output pins
Info: Quartus Prime Analysis & Synthesis was successful. 0 errors, 31 warnings
    Info: Peak virtual memory: 13216 megabytes
    Info: Processing ended: Mon Sep  9 13:20:19 2024
    Info: Elapsed time: 00:00:20
    Info: Total CPU time (on all processors): 00:00:48


